学习人数,机构名称,课程价格,课程名称
"
                837人最近报名
            ,
                
                ,
            ",学神IT教育,免费,Python高级开发/ Flask 爬虫/ Openstack Django【学神IT】
"
                74人购买
            ,
                
                ,
            ",学神IT教育,¥6300.00,Python Web全栈+自动化运维开发架构师班【学神IT教育】
"
                72人购买
            ,
                
                ,
            ",扣丁学堂,¥6800.00,Python全栈开发/爬虫/人工智能/机器学习/数据分析【千锋教育】
"
                875人最近报名
            ,
                
                    
                    ,
                    
                    
                ,
            ",柠檬班,免费,软件测试python/java/接口/app自动化/RF自动化测试/测试开发
"
                908人最近报名
            ,
                
                ,
            ",扣丁学堂,免费,Python全栈开发/爬虫/人工智能/机器学习/数据分析【公开课】
"
                594人最近报名
            ,
                
                ,
            ",学神IT教育,免费,Python运维开发+自动化测试（Django Flask）-速成课程【学神IT】
"
                651人最近报名
            ,
                
                ,
            ",动脑学院,免费,Python开发/自动化/网络爬虫/运维/从入门到精通【动脑学院】
"
                1575人最近报名
            ,
                
                    
                    ,
                    
                    
                ,
            ",动脑学院,免费,Python开发/自动化/网络爬虫/运维/从入门到精通【动脑学院】
"
                74人购买
            ,
                
                ,
            ",扣丁学堂,¥6800.00,Linux云计算+Python运维开发+Web渗透+持续集成+Docker+K8S
"
                92人最近报名
            ,
                
                ,
            ",学神IT教育,免费,Python自动化测试-项目实战-自动化测试/测试开发/接口/性能
"
                251人最近报名
            ,
                
                ,
            ",马哥教育,免费,马哥python教程-Python框架Django开发实战
"
                97人最近报名
            ,
                
                ,
            ",马哥教育,免费,2019马哥python教程-Python网站web开发实战
"
                782人最近报名
            ,
                
                    
                    ,
                    
                    
                ,
            ",马哥教育,免费,Python自动化开发实战课程(基础篇)-【马哥教育】
"
                123人购买
            ,
                
                ,
            ",扣丁学堂,¥5800.00,python人工智能全栈开发一期【千锋教育】
"
                74人最近报名
            ,
                
                ,
            ",学神IT教育,免费,Python大数据实战-后台开发-网站案例分析
"
                24人最近报名
            ,
                
                ,
            ",学神IT教育,免费,学神IT python运维开发【For老师】试听课
"
                18人最近报名
            ,
                
                ,
            ",学神IT教育,免费,Python高级开发项目实战班！
"
                422人购买
            ,
                
                    
                    ,
                    
                    
                ,
            ",动脑学院,¥1.00,Python全栈开发零基础入门精品课程
"
                52人购买
            ,
                
                ,
            ",扣丁学堂,¥5800.00,Python人工智能全栈开发二期【千锋教育】
"
                1170人购买
            ,
                
                ,
            ",学神IT教育,¥68.00,Python全栈开发高薪课程
"
                139人购买
            ,
                
                ,
            ",京峰教育,¥6580.00,Python高级开发实战VIP班【京峰教育】
"
                108人最近报名
            ,
                
                ,
            ",职坐标,免费,我们只培养会Python开发和人工智能的大数据分析师
"
                234人购买
            ,
                
                ,
            ",学神IT教育,"¥0.10,
                    ,
                ",Python Web全栈/自动化运维开发/VIP试听课【学神IT教育】
"
                509人购买
            ,
                
                    
                    ,
                    
                    
                ,
            ",软谋教育,¥1000.00,Python全栈开发+人工智能精选集
